# JRE version: Java(TM) SE Runtime Environment (18.0+36) (build 18+36-2087)
# Java VM: Java HotSpot(TM) 64-Bit Server VM (18+36-2087, mixed mode, sharing, tiered, compressed oops, compressed class ptrs, g1 gc, windows-amd64)
GC Precious Log:
 CardTable entry size: 512
 Card Set container configuration: InlinePtr #cards 5 size 8 Array Of Cards #cards 12 size 40 Howl #buckets 4 coarsen threshold 1843 Howl Bitmap #cards 512 size 80 coarsen threshold 460 Card regions per heap region 1 cards per card region 2048
 CPUs: 2 total, 2 available
 Memory: 3916M
 Large Page Support: Disabled
 NUMA Support: Disabled
 Compressed Oops: Enabled (32-bit)
 Heap Region Size: 1M
 Heap Min Capacity: 8M
 Heap Initial Capacity: 62M
 Heap Max Capacity: 980M
 Pre-touch: Disabled
 Parallel Workers: 2
 Concurrent Workers: 1
 Concurrent Refinement Workers: 2
 Periodic GC: Disabled
Heap:
 garbage-first heap   total 63488K, used 23184K [0x00000000c2c00000, 0x0000000100000000)
  region size 1024K, 20 young (20480K), 4 survivors (4096K)
 Metaspace       used 19544K, committed 19840K, reserved 1114112K
  class space    used 2240K, committed 2368K, reserved 1048576K
GC Heap History (14 events):
Event: 1.958 GC heap before
{Heap before GC invocations=0 (full 0):
 garbage-first heap   total 63488K, used 6144K [0x00000000c2c00000, 0x0000000100000000)
  region size 1024K, 6 young (6144K), 0 survivors (0K)
 Metaspace       used 1085K, committed 1280K, reserved 1114112K
  class space    used 101K, committed 192K, reserved 1048576K
}
Event: 2.000 GC heap after
{Heap after GC invocations=1 (full 0):
 garbage-first heap   total 63488K, used 1776K [0x00000000c2c00000, 0x0000000100000000)
  region size 1024K, 1 young (1024K), 1 survivors (1024K)
 Metaspace       used 1085K, committed 1280K, reserved 1114112K
  class space    used 101K, committed 192K, reserved 1048576K
}
Event: 2.338 GC heap before
{Heap before GC invocations=1 (full 0):
 garbage-first heap   total 63488K, used 5872K [0x00000000c2c00000, 0x0000000100000000)
  region size 1024K, 6 young (6144K), 1 survivors (1024K)
 Metaspace       used 1656K, committed 1856K, reserved 1114112K
  class space    used 157K, committed 256K, reserved 1048576K
}
Event: 2.342 GC heap after
{Heap after GC invocations=2 (full 0):
 garbage-first heap   total 63488K, used 2057K [0x00000000c2c00000, 0x0000000100000000)
  region size 1024K, 1 young (1024K), 1 survivors (1024K)
 Metaspace       used 1656K, committed 1856K, reserved 1114112K
  class space    used 157K, committed 256K, reserved 1048576K
}
Event: 3.422 GC heap before
{Heap before GC invocations=2 (full 0):
 garbage-first heap   total 63488K, used 13321K [0x00000000c2c00000, 0x0000000100000000)
  region size 1024K, 13 young (13312K), 1 survivors (1024K)
 Metaspace       used 2862K, committed 3072K, reserved 1114112K
  class space    used 302K, committed 384K, reserved 1048576K
}
Event: 3.429 GC heap after
{Heap after GC invocations=3 (full 0):
 garbage-first heap   total 63488K, used 2380K [0x00000000c2c00000, 0x0000000100000000)
  region size 1024K, 1 young (1024K), 1 survivors (1024K)
 Metaspace       used 2862K, committed 3072K, reserved 1114112K
  class space    used 302K, committed 384K, reserved 1048576K
}
Event: 5.031 GC heap before
{Heap before GC invocations=3 (full 0):
 garbage-first heap   total 63488K, used 38220K [0x00000000c2c00000, 0x0000000100000000)
  region size 1024K, 37 young (37888K), 1 survivors (1024K)
 Metaspace       used 7047K, committed 7296K, reserved 1114112K
  class space    used 836K, committed 960K, reserved 1048576K
}
Event: 5.041 GC heap after
{Heap after GC invocations=4 (full 0):
 garbage-first heap   total 63488K, used 3905K [0x00000000c2c00000, 0x0000000100000000)
  region size 1024K, 2 young (2048K), 2 survivors (2048K)
 Metaspace       used 7047K, committed 7296K, reserved 1114112K
  class space    used 836K, committed 960K, reserved 1048576K
}
Event: 6.641 GC heap before
{Heap before GC invocations=4 (full 0):
 garbage-first heap   total 63488K, used 39745K [0x00000000c2c00000, 0x0000000100000000)
  region size 1024K, 37 young (37888K), 2 survivors (2048K)
 Metaspace       used 9475K, committed 9664K, reserved 1114112K
  class space    used 1102K, committed 1216K, reserved 1048576K
}
Event: 6.648 GC heap after
{Heap after GC invocations=5 (full 0):
 garbage-first heap   total 63488K, used 4848K [0x00000000c2c00000, 0x0000000100000000)
  region size 1024K, 3 young (3072K), 3 survivors (3072K)
 Metaspace       used 9475K, committed 9664K, reserved 1114112K
  class space    used 1102K, committed 1216K, reserved 1048576K
}
Event: 8.352 GC heap before
{Heap before GC invocations=5 (full 0):
 garbage-first heap   total 63488K, used 39664K [0x00000000c2c00000, 0x0000000100000000)
  region size 1024K, 37 young (37888K), 3 survivors (3072K)
 Metaspace       used 13623K, committed 13888K, reserved 1114112K
  class space    used 1589K, committed 1728K, reserved 1048576K
}
Event: 8.363 GC heap after
{Heap after GC invocations=6 (full 0):
 garbage-first heap   total 63488K, used 6364K [0x00000000c2c00000, 0x0000000100000000)
  region size 1024K, 4 young (4096K), 4 survivors (4096K)
 Metaspace       used 13623K, committed 13888K, reserved 1114112K
  class space    used 1589K, committed 1728K, reserved 1048576K
}
Event: 10.639 GC heap before
{Heap before GC invocations=6 (full 0):
 garbage-first heap   total 63488K, used 40156K [0x00000000c2c00000, 0x0000000100000000)
  region size 1024K, 37 young (37888K), 4 survivors (4096K)
 Metaspace       used 18172K, committed 18432K, reserved 1114112K
  class space    used 2077K, committed 2240K, reserved 1048576K
}
Event: 10.656 GC heap after
{Heap after GC invocations=7 (full 0):
 garbage-first heap   total 63488K, used 7824K [0x00000000c2c00000, 0x0000000100000000)
  region size 1024K, 4 young (4096K), 4 survivors (4096K)
 Metaspace       used 18172K, committed 18432K, reserved 1114112K
  class space    used 2077K, committed 2240K, reserved 1048576K
}

