# JRE version: Java(TM) SE Runtime Environment (18.0+36) (build 18+36-2087)
# Java VM: Java HotSpot(TM) 64-Bit Server VM (18+36-2087, mixed mode, sharing, tiered, compressed oops, compressed class ptrs, g1 gc, windows-amd64)
GC Precious Log:
 CardTable entry size: 512
 Card Set container configuration: InlinePtr #cards 5 size 8 Array Of Cards #cards 12 size 40 Howl #buckets 4 coarsen threshold 1843 Howl Bitmap #cards 512 size 80 coarsen threshold 460 Card regions per heap region 1 cards per card region 2048
 CPUs: 2 total, 2 available
 Memory: 3916M
 Large Page Support: Disabled
 NUMA Support: Disabled
 Compressed Oops: Enabled (32-bit)
 Heap Region Size: 1M
 Heap Min Capacity: 8M
 Heap Initial Capacity: 62M
 Heap Max Capacity: 980M
 Pre-touch: Disabled
 Parallel Workers: 2
 Concurrent Workers: 1
 Concurrent Refinement Workers: 2
 Periodic GC: Disabled
Heap:
 garbage-first heap   total 63488K, used 35575K [0x00000000c2c00000, 0x0000000100000000)
  region size 1024K, 34 young (34816K), 3 survivors (3072K)
 Metaspace       used 13228K, committed 13440K, reserved 1114112K
  class space    used 1557K, committed 1664K, reserved 1048576K
GC Heap History (10 events):
Event: 1.485 GC heap before
{Heap before GC invocations=0 (full 0):
 garbage-first heap   total 63488K, used 5120K [0x00000000c2c00000, 0x0000000100000000)
  region size 1024K, 6 young (6144K), 0 survivors (0K)
 Metaspace       used 1087K, committed 1280K, reserved 1114112K
  class space    used 101K, committed 192K, reserved 1048576K
}
Event: 1.599 GC heap after
{Heap after GC invocations=1 (full 0):
 garbage-first heap   total 63488K, used 1781K [0x00000000c2c00000, 0x0000000100000000)
  region size 1024K, 1 young (1024K), 1 survivors (1024K)
 Metaspace       used 1087K, committed 1280K, reserved 1114112K
  class space    used 101K, committed 192K, reserved 1048576K
}
Event: 2.024 GC heap before
{Heap before GC invocations=1 (full 0):
 garbage-first heap   total 63488K, used 6901K [0x00000000c2c00000, 0x0000000100000000)
  region size 1024K, 6 young (6144K), 1 survivors (1024K)
 Metaspace       used 1660K, committed 1856K, reserved 1114112K
  class space    used 157K, committed 256K, reserved 1048576K
}
Event: 2.027 GC heap after
{Heap after GC invocations=2 (full 0):
 garbage-first heap   total 63488K, used 2158K [0x00000000c2c00000, 0x0000000100000000)
  region size 1024K, 1 young (1024K), 1 survivors (1024K)
 Metaspace       used 1660K, committed 1856K, reserved 1114112K
  class space    used 157K, committed 256K, reserved 1048576K
}
Event: 2.636 GC heap before
{Heap before GC invocations=2 (full 0):
 garbage-first heap   total 63488K, used 13422K [0x00000000c2c00000, 0x0000000100000000)
  region size 1024K, 13 young (13312K), 1 survivors (1024K)
 Metaspace       used 2841K, committed 3072K, reserved 1114112K
  class space    used 301K, committed 384K, reserved 1048576K
}
Event: 2.638 GC heap after
{Heap after GC invocations=3 (full 0):
 garbage-first heap   total 63488K, used 2419K [0x00000000c2c00000, 0x0000000100000000)
  region size 1024K, 1 young (1024K), 1 survivors (1024K)
 Metaspace       used 2841K, committed 3072K, reserved 1114112K
  class space    used 301K, committed 384K, reserved 1048576K
}
Event: 5.111 GC heap before
{Heap before GC invocations=3 (full 0):
 garbage-first heap   total 63488K, used 39283K [0x00000000c2c00000, 0x0000000100000000)
  region size 1024K, 37 young (37888K), 1 survivors (1024K)
 Metaspace       used 6920K, committed 7104K, reserved 1114112K
  class space    used 825K, committed 896K, reserved 1048576K
}
Event: 5.118 GC heap after
{Heap after GC invocations=4 (full 0):
 garbage-first heap   total 63488K, used 3838K [0x00000000c2c00000, 0x0000000100000000)
  region size 1024K, 2 young (2048K), 2 survivors (2048K)
 Metaspace       used 6920K, committed 7104K, reserved 1114112K
  class space    used 825K, committed 896K, reserved 1048576K
}
Event: 6.980 GC heap before
{Heap before GC invocations=4 (full 0):
 garbage-first heap   total 63488K, used 39678K [0x00000000c2c00000, 0x0000000100000000)
  region size 1024K, 37 young (37888K), 2 survivors (2048K)
 Metaspace       used 9401K, committed 9600K, reserved 1114112K
  class space    used 1099K, committed 1216K, reserved 1048576K
}
Event: 6.988 GC heap after
{Heap after GC invocations=5 (full 0):
 garbage-first heap   total 63488K, used 4855K [0x00000000c2c00000, 0x0000000100000000)
  region size 1024K, 3 young (3072K), 3 survivors (3072K)
 Metaspace       used 9401K, committed 9600K, reserved 1114112K
  class space    used 1099K, committed 1216K, reserved 1048576K
}

